SF:lib/src/components/app_bar/tag_app_bar.dart
DA:5,35
DA:9,3
DA:14,4
DA:21,4
DA:27,4
DA:28,8
DA:29,4
DA:33,1
DA:36,4
DA:38,8
DA:42,33
DA:44,1
DA:46,4
DA:48,4
DA:49,4
DA:53,6
DA:59,1
DA:61,1
DA:63,1
DA:65,1
DA:66,1
DA:70,3
DA:76,4
DA:79,4
DA:83,4
DA:85,4
DA:87,4
DA:89,4
DA:90,4
LF:29
LH:29
end_of_record
SF:lib/src/components/box/tag_box.dart
DA:5,2
DA:12,2
DA:20,2
DA:22,2
DA:23,6
DA:24,3
DA:25,2
DA:26,2
DA:27,2
DA:31,2
LF:10
LH:10
end_of_record
SF:lib/src/components/breadcrumb/tag_breadcrumb.dart
DA:6,2
DA:9,2
DA:14,2
DA:16,2
DA:18,4
DA:19,2
DA:20,2
DA:28,2
DA:29,2
DA:31,2
DA:32,4
DA:33,8
DA:34,0
LF:13
LH:12
end_of_record
SF:lib/src/components/breadcrumb/tag_breadcrumb_item.dart
DA:6,3
DA:11,3
DA:17,3
DA:18,3
DA:43,3
DA:45,3
DA:46,6
DA:49,3
DA:51,3
DA:52,3
DA:53,12
DA:54,6
DA:55,11
DA:59,3
DA:60,1
DA:61,2
DA:62,2
DA:65,1
DA:66,2
DA:67,2
LF:20
LH:20
end_of_record
SF:lib/src/components/button/tag_button.dart
DA:6,2
DA:15,2
DA:25,2
DA:27,4
DA:28,2
DA:30,2
DA:31,1
DA:32,2
DA:36,2
DA:37,2
DA:40,2
DA:41,2
DA:43,2
DA:47,2
DA:49,2
DA:50,2
DA:51,2
DA:55,2
DA:57,2
DA:62,2
DA:68,2
DA:75,2
DA:77,2
DA:78,6
DA:79,2
DA:80,2
DA:86,2
DA:93,2
DA:101,1
DA:103,1
DA:104,1
DA:105,1
DA:106,2
DA:107,3
LF:34
LH:34
end_of_record
SF:lib/src/components/checkbox/tag_checkbox.dart
DA:9,1
DA:15,1
DA:24,1
DA:25,1
DA:31,1
DA:33,3
DA:34,1
DA:37,1
DA:38,2
DA:39,2
DA:41,6
DA:44,1
DA:46,1
DA:47,2
DA:48,1
DA:49,1
DA:50,4
DA:51,1
DA:52,3
LF:19
LH:19
end_of_record
SF:lib/src/components/data_table/tag_data_table.dart
DA:5,1
DA:11,1
DA:18,1
DA:20,1
DA:21,1
DA:22,1
DA:23,1
DA:24,1
DA:30,1
DA:36,1
DA:43,1
DA:45,5
DA:47,1
DA:48,1
DA:49,1
DA:50,1
DA:51,1
DA:52,2
DA:55,1
DA:56,1
DA:57,1
DA:63,3
DA:71,1
DA:75,1
DA:81,1
DA:82,1
DA:84,1
DA:85,1
DA:91,1
DA:94,1
DA:97,0
DA:104,1
DA:108,1
DA:113,1
DA:115,1
DA:117,1
DA:118,1
DA:119,2
DA:120,1
DA:121,1
DA:123,1
DA:125,1
DA:126,1
DA:128,1
DA:131,1
DA:133,1
DA:135,1
DA:142,2
DA:147,1
DA:148,5
DA:149,1
DA:154,1
DA:157,1
DA:161,1
DA:163,6
DA:164,1
DA:165,2
DA:171,1
DA:176,1
DA:182,1
DA:184,1
DA:187,1
DA:188,5
DA:189,2
DA:190,1
DA:192,1
DA:195,1
DA:196,1
DA:197,1
DA:199,1
DA:202,1
DA:204,1
DA:216,1
DA:219,1
DA:222,1
DA:224,1
DA:225,1
DA:226,1
DA:227,1
DA:234,1
DA:237,1
DA:240,1
DA:242,1
DA:243,1
DA:244,1
DA:245,1
LF:86
LH:85
end_of_record
SF:lib/src/components/datepicker/tag_datepicker_field.dart
DA:9,1
DA:20,1
DA:32,1
DA:33,1
DA:37,1
DA:39,1
DA:40,2
DA:41,1
DA:43,1
DA:44,1
DA:46,3
DA:48,1
DA:50,1
DA:51,2
DA:53,2
DA:54,2
DA:55,1
DA:56,1
DA:58,2
DA:60,2
DA:61,4
DA:62,2
DA:63,2
DA:64,2
LF:24
LH:24
end_of_record
SF:lib/src/components/empty/tag_empty.dart
DA:5,1
DA:8,1
DA:12,1
DA:14,1
DA:15,1
DA:17,1
DA:18,1
DA:19,1
DA:20,1
DA:24,1
DA:25,1
DA:28,2
LF:12
LH:12
end_of_record
SF:lib/src/components/dropdown/tag_dropdown_field.dart
DA:7,1
DA:18,1
DA:30,1
DA:32,1
DA:33,2
DA:34,1
DA:35,2
DA:36,1
DA:39,1
DA:40,1
DA:41,1
DA:43,1
DA:44,1
DA:46,2
DA:48,1
DA:50,1
DA:51,1
DA:52,1
DA:55,1
DA:60,3
DA:61,1
DA:62,1
DA:63,4
LF:23
LH:23
end_of_record
SF:lib/src/components/headings/heading.dart
DA:4,32
DA:15,3
DA:20,3
DA:26,3
DA:28,3
DA:29,3
DA:32,3
DA:33,3
DA:38,3
DA:39,3
DA:44,3
DA:45,3
DA:50,3
DA:55,3
DA:56,3
DA:60,3
DA:61,3
DA:65,3
DA:66,3
DA:73,3
DA:74,3
DA:77,3
DA:80,3
DA:83,1
DA:86,1
DA:89,1
DA:92,1
DA:99,3
DA:100,3
DA:101,3
LF:30
LH:30
end_of_record
SF:lib/src/components/icons/tag_icon.dart
DA:7,2
DA:12,2
DA:18,2
DA:19,2
DA:23,2
DA:25,4
DA:26,4
DA:27,2
DA:28,2
DA:29,2
DA:35,2
LF:11
LH:11
end_of_record
SF:lib/src/components/label/tag_label.dart
DA:5,6
DA:8,6
DA:12,6
DA:20,6
DA:21,6
LF:5
LH:5
end_of_record
SF:lib/src/components/link_button/tag_link_button.dart
DA:6,1
DA:10,1
DA:15,1
DA:23,1
DA:27,1
DA:38,1
DA:39,1
DA:40,2
DA:41,1
LF:9
LH:9
end_of_record
SF:lib/src/components/logo/logo.dart
DA:6,65
DA:12,1
DA:19,6
DA:21,6
DA:24,6
DA:25,6
DA:26,6
DA:27,6
LF:8
LH:8
end_of_record
SF:lib/src/components/logo/logo_grey.dart
DA:6,1
DA:12,1
DA:19,1
DA:21,1
DA:24,1
DA:25,1
DA:26,1
DA:27,1
LF:8
LH:8
end_of_record
SF:lib/src/components/logo/logo_light.dart
DA:6,1
DA:12,1
DA:19,1
DA:21,1
DA:24,1
DA:25,1
DA:26,1
DA:27,1
LF:8
LH:8
end_of_record
SF:lib/src/components/menu/menu_item/tag_menu_item.dart
DA:6,32
DA:9,2
DA:17,2
DA:26,2
DA:29,2
DA:31,2
DA:37,2
DA:39,4
DA:40,2
DA:42,2
DA:43,2
DA:44,2
DA:46,2
DA:49,2
DA:51,4
DA:57,2
DA:59,2
DA:60,2
DA:63,1
DA:64,3
DA:66,2
DA:67,2
DA:68,2
DA:74,2
DA:76,2
DA:77,2
DA:78,6
DA:79,2
DA:80,2
DA:82,2
DA:83,2
DA:88,2
LF:32
LH:32
end_of_record
SF:lib/src/components/menu/tag_menu.dart
DA:6,1
DA:9,1
DA:13,1
DA:15,1
DA:16,2
DA:19,1
DA:21,1
DA:22,1
DA:23,1
DA:24,1
DA:25,1
DA:26,1
DA:39,1
LF:13
LH:13
end_of_record
SF:lib/src/components/number_field/tag_number_field.dart
DA:6,1
DA:9,1
DA:13,1
DA:14,1
DA:21,1
DA:23,1
DA:25,3
DA:26,5
DA:27,3
DA:28,4
DA:30,5
DA:34,1
DA:36,1
DA:37,1
DA:38,1
DA:39,1
DA:40,1
DA:41,1
DA:42,1
DA:44,1
DA:46,1
DA:47,6
DA:51,1
DA:53,1
DA:54,1
DA:55,1
DA:56,1
DA:57,3
DA:59,2
DA:63,1
DA:65,1
DA:66,1
DA:67,3
DA:81,1
DA:85,1
DA:90,1
DA:92,1
DA:93,1
DA:94,1
DA:96,2
DA:100,1
DA:109,1
DA:115,1
DA:119,1
DA:124,1
DA:126,1
DA:127,1
DA:133,1
DA:134,2
DA:135,1
DA:136,1
DA:137,1
DA:141,1
DA:142,1
DA:143,1
LF:55
LH:55
end_of_record
SF:lib/src/components/rainbow_bar/tag_rainbow_bar.dart
DA:4,34
DA:6,2
DA:8,2
DA:9,2
DA:11,2
DA:12,2
DA:13,2
DA:14,2
DA:19,2
DA:20,2
DA:25,2
DA:26,2
DA:31,2
DA:32,2
LF:14
LH:14
end_of_record
SF:lib/src/components/shared/masks.dart
DA:4,3
DA:6,2
DA:9,3
DA:11,1
DA:12,1
DA:13,1
DA:14,1
DA:18,3
DA:20,2
DA:24,3
DA:26,2
LF:11
LH:11
end_of_record
SF:lib/src/components/scaffold/tag_scaffold.dart
DA:17,1
DA:28,1
DA:30,1
DA:32,1
DA:33,1
DA:34,1
DA:35,1
DA:37,2
DA:38,4
DA:39,1
DA:40,1
DA:41,1
DA:43,1
DA:44,1
DA:45,2
DA:46,1
DA:47,1
DA:48,1
DA:52,1
DA:53,1
DA:54,1
DA:58,2
DA:59,1
DA:60,2
DA:63,2
DA:64,1
DA:65,1
DA:72,1
DA:79,1
DA:83,1
DA:84,3
DA:85,1
DA:86,3
DA:88,1
DA:91,1
DA:93,1
DA:97,0
DA:103,1
DA:109,1
DA:112,1
DA:115,1
DA:118,1
DA:121,1
DA:125,1
DA:126,1
DA:127,1
DA:128,1
DA:136,0
DA:143,1
DA:149,1
DA:152,1
DA:155,1
DA:158,1
DA:161,1
DA:163,1
DA:168,0
LF:56
LH:53
end_of_record
SF:lib/src/components/templates/main_layout_adaptativy.dart
DA:6,2
DA:12,2
DA:19,2
DA:21,2
DA:22,2
DA:23,4
DA:25,2
DA:26,2
DA:27,2
DA:28,2
DA:31,2
DA:32,2
DA:33,2
DA:34,2
DA:35,2
DA:36,2
DA:37,2
LF:17
LH:17
end_of_record
SF:lib/src/components/text_field/tag_text_field.dart
DA:12,2
DA:28,2
DA:45,2
DA:46,2
DA:51,2
DA:52,4
DA:53,12
DA:54,2
DA:55,6
DA:61,2
DA:63,8
DA:64,8
DA:66,2
DA:69,2
DA:71,2
DA:75,2
DA:76,4
DA:77,2
DA:79,2
DA:80,2
DA:82,6
DA:84,2
DA:86,2
DA:87,10
DA:89,4
DA:90,4
DA:91,2
DA:92,4
DA:93,4
DA:94,4
DA:95,4
DA:97,4
DA:98,8
DA:99,2
DA:100,1
DA:101,3
DA:102,2
DA:103,3
DA:111,2
DA:113,4
DA:114,2
DA:119,2
DA:124,2
DA:125,3
DA:126,6
DA:129,2
DA:130,4
DA:131,2
LF:48
LH:48
end_of_record
SF:lib/src/components/shared/tag_input_decoration.dart
DA:10,12
DA:12,4
DA:17,16
DA:22,4
DA:28,8
DA:29,4
DA:33,4
LF:7
LH:7
end_of_record
SF:lib/src/components/templates/layout_left_body_right.dart
DA:6,3
DA:11,3
DA:17,3
DA:19,3
DA:21,6
DA:22,3
DA:23,3
DA:24,3
DA:25,3
DA:33,3
DA:34,3
DA:40,3
DA:42,3
DA:43,3
DA:45,3
DA:46,8
DA:47,3
DA:48,3
DA:49,3
DA:51,3
DA:54,9
LF:21
LH:21
end_of_record
SF:lib/src/components/templates/layout_topbar_and_body.dart
DA:6,3
DA:11,3
DA:17,3
DA:19,3
DA:20,3
DA:22,3
DA:23,3
DA:24,3
LF:8
LH:8
end_of_record
SF:lib/src/responsive_helpers/show_on_desktop.dart
DA:4,4
DA:8,2
DA:10,8
DA:11,2
DA:12,2
LF:5
LH:5
end_of_record
SF:lib/src/responsive_helpers/toggle_mobile_desktop.dart
DA:4,3
DA:8,3
DA:13,3
DA:15,12
DA:16,3
DA:17,3
LF:6
LH:6
end_of_record
SF:lib/src/responsive_helpers/row_to_column.dart
DA:5,2
DA:11,2
DA:18,2
DA:20,4
DA:21,8
DA:23,8
DA:24,2
DA:26,2
DA:27,2
DA:30,2
DA:31,2
DA:33,2
DA:35,2
DA:37,2
DA:38,2
DA:47,2
DA:51,2
DA:56,2
DA:58,2
DA:59,2
DA:60,2
DA:66,2
DA:71,2
DA:77,2
DA:79,2
DA:80,2
DA:81,2
DA:82,2
DA:83,2
DA:84,2
DA:89,2
DA:90,2
LF:32
LH:32
end_of_record
SF:lib/src/styles/button_style/tag_buttons_styles.dart
DA:5,6
DA:19,0
LF:2
LH:1
end_of_record
SF:lib/src/components/templates/layout_left_and_body.dart
DA:6,1
DA:10,1
DA:15,1
DA:17,1
DA:19,1
DA:20,3
DA:21,3
DA:22,1
DA:23,1
DA:24,1
DA:32,1
DA:36,1
DA:41,1
DA:43,1
DA:44,1
DA:46,1
DA:47,3
DA:48,1
DA:50,1
DA:52,1
LF:20
LH:20
end_of_record
