SF:lib\src\components\app_bar\tag_app_bar.dart
DA:5,25
DA:9,1
DA:14,1
DA:21,1
DA:27,1
DA:28,2
DA:29,1
DA:33,1
DA:36,1
DA:38,2
DA:42,25
DA:44,1
DA:46,1
DA:48,1
DA:49,1
DA:53,3
DA:59,1
DA:61,1
DA:63,1
DA:65,1
DA:66,1
DA:70,3
DA:76,1
DA:79,1
DA:83,1
DA:85,1
DA:87,1
DA:89,1
DA:90,1
LF:29
LH:29
end_of_record
SF:lib\src\components\box\tag_box.dart
DA:5,1
DA:12,1
DA:20,1
DA:22,1
DA:23,3
DA:24,2
DA:25,1
DA:26,1
DA:27,1
DA:31,1
LF:10
LH:10
end_of_record
SF:lib\src\components\breadcrumb\tag_breadcrumb.dart
DA:6,1
DA:9,1
DA:14,1
DA:16,1
DA:18,2
DA:19,1
DA:20,1
DA:28,1
DA:29,1
DA:31,1
DA:32,2
DA:33,4
DA:34,0
LF:13
LH:12
end_of_record
SF:lib\src\components\breadcrumb\tag_breadcrumb_item.dart
DA:6,2
DA:11,2
DA:17,2
DA:18,2
DA:43,2
DA:45,2
DA:46,4
DA:49,2
DA:51,2
DA:52,2
DA:53,8
DA:54,4
DA:55,7
DA:59,2
DA:60,1
DA:61,2
DA:62,2
DA:65,1
DA:66,2
DA:67,2
LF:20
LH:20
end_of_record
SF:lib\src\components\button\tag_button.dart
DA:6,1
DA:15,1
DA:25,1
DA:27,2
DA:28,1
DA:30,1
DA:31,1
DA:32,2
DA:36,1
DA:37,2
DA:40,1
DA:41,1
DA:43,1
DA:47,1
DA:49,1
DA:50,1
DA:51,1
DA:55,1
DA:57,1
DA:62,1
DA:68,1
DA:75,1
DA:77,1
DA:78,3
DA:79,1
DA:80,1
DA:86,1
DA:93,1
DA:101,1
DA:103,1
DA:104,1
DA:105,1
DA:106,1
DA:107,1
DA:109,3
LF:35
LH:35
end_of_record
SF:lib\src\components\checkbox\tag_checkbox.dart
DA:9,1
DA:15,1
DA:24,1
DA:25,1
DA:31,1
DA:33,3
DA:34,1
DA:37,1
DA:38,2
DA:39,2
DA:41,6
DA:44,1
DA:46,1
DA:47,2
DA:48,1
DA:49,1
DA:50,4
DA:51,1
DA:52,3
LF:19
LH:19
end_of_record
SF:lib\src\components\data_table\tag_data_table.dart
DA:5,0
DA:11,0
DA:18,0
DA:20,0
DA:21,0
DA:22,0
DA:23,0
DA:24,0
DA:30,0
DA:36,0
DA:43,0
DA:45,0
DA:47,0
DA:48,0
DA:49,0
DA:50,0
DA:51,0
DA:52,0
DA:55,0
DA:56,0
DA:57,0
DA:63,0
DA:71,0
DA:75,0
DA:81,0
DA:82,0
DA:84,0
DA:85,0
DA:91,0
DA:94,0
DA:97,0
DA:104,0
DA:108,0
DA:113,0
DA:115,0
DA:117,0
DA:118,0
DA:119,0
DA:120,0
DA:121,0
DA:123,0
DA:125,0
DA:126,0
DA:128,0
DA:131,0
DA:133,0
DA:135,0
DA:142,0
DA:147,0
DA:148,0
DA:149,0
DA:154,0
DA:157,0
DA:161,0
DA:163,0
DA:164,0
DA:165,0
DA:171,0
DA:176,0
DA:182,0
DA:184,0
DA:187,0
DA:188,0
DA:189,0
DA:190,0
DA:192,0
DA:195,0
DA:196,0
DA:197,0
DA:199,0
DA:202,0
DA:204,0
DA:216,0
DA:219,0
DA:222,0
DA:224,0
DA:225,0
DA:226,0
DA:227,0
DA:234,0
DA:237,0
DA:240,0
DA:242,0
DA:243,0
DA:244,0
DA:245,0
LF:86
LH:0
end_of_record
SF:lib\src\components\datepicker\tag_datepicker_field.dart
DA:9,1
DA:20,1
DA:32,1
DA:33,1
DA:37,1
DA:39,1
DA:40,2
DA:41,1
DA:43,1
DA:44,1
DA:46,3
DA:48,1
DA:50,1
DA:51,2
DA:53,2
DA:54,2
DA:55,1
DA:56,1
DA:58,2
DA:60,2
DA:61,4
DA:62,2
DA:63,2
DA:64,2
LF:24
LH:24
end_of_record
SF:lib\src\components\dropdown\tag_dropdown_field.dart
DA:7,1
DA:18,1
DA:30,1
DA:32,1
DA:33,2
DA:34,1
DA:35,2
DA:36,1
DA:39,1
DA:40,1
DA:41,1
DA:43,1
DA:44,1
DA:46,2
DA:48,1
DA:50,1
DA:51,1
DA:52,1
DA:55,1
DA:60,3
DA:61,1
DA:62,1
DA:63,4
LF:23
LH:23
end_of_record
SF:lib\src\components\headings\heading.dart
DA:4,24
DA:15,1
DA:20,1
DA:26,1
DA:28,1
DA:29,1
DA:32,1
DA:33,1
DA:38,1
DA:39,1
DA:44,1
DA:45,1
DA:50,1
DA:55,1
DA:56,1
DA:60,1
DA:61,1
DA:65,1
DA:66,1
DA:73,1
DA:74,1
DA:77,1
DA:80,1
DA:83,1
DA:86,1
DA:89,1
DA:92,1
DA:99,1
DA:100,1
DA:101,1
LF:30
LH:30
end_of_record
SF:lib\src\components\icons\tag_icon.dart
DA:7,2
DA:12,2
DA:18,2
DA:19,2
DA:23,2
DA:25,4
DA:26,4
DA:27,2
DA:28,2
DA:29,2
DA:35,2
LF:11
LH:11
end_of_record
SF:lib\src\components\label\tag_label.dart
DA:5,5
DA:8,5
DA:12,5
DA:20,5
DA:21,5
LF:5
LH:5
end_of_record
SF:lib\src\components\link_button\tag_link_button.dart
DA:6,1
DA:10,1
DA:15,1
DA:23,1
DA:27,1
DA:38,1
DA:39,1
DA:40,2
DA:41,1
LF:9
LH:9
end_of_record
SF:lib\src\components\logo\logo.dart
DA:6,49
DA:12,1
DA:19,3
DA:21,3
DA:24,3
DA:25,3
DA:26,3
DA:27,3
LF:8
LH:8
end_of_record
SF:lib\src\components\logo\logo_grey.dart
DA:6,1
DA:12,1
DA:19,1
DA:21,1
DA:24,1
DA:25,1
DA:26,1
DA:27,1
LF:8
LH:8
end_of_record
SF:lib\src\components\logo\logo_light.dart
DA:6,1
DA:12,1
DA:19,1
DA:21,1
DA:24,1
DA:25,1
DA:26,1
DA:27,1
LF:8
LH:8
end_of_record
SF:lib\src\components\menu\menu_group\tag_menu_group.dart
DA:7,0
DA:14,0
DA:22,0
DA:24,0
DA:29,0
DA:31,0
DA:37,0
DA:38,0
DA:39,0
DA:41,0
DA:43,0
DA:46,0
DA:48,0
DA:54,0
DA:55,0
DA:56,0
DA:57,0
DA:60,0
DA:61,0
DA:62,0
DA:65,0
DA:78,0
DA:86,0
DA:87,0
DA:88,0
DA:89,0
DA:90,0
DA:91,0
LF:28
LH:0
end_of_record
SF:lib\src\components\menu\menu_item\tag_menu_item.dart
DA:6,24
DA:9,2
DA:17,2
DA:26,2
DA:29,2
DA:31,2
DA:37,2
DA:39,4
DA:40,2
DA:42,2
DA:43,2
DA:44,2
DA:46,2
DA:49,2
DA:51,4
DA:57,2
DA:59,2
DA:60,2
DA:63,1
DA:64,3
DA:66,2
DA:67,2
DA:68,2
DA:74,2
DA:76,2
DA:77,2
DA:78,6
DA:79,2
DA:80,2
DA:82,2
DA:83,2
DA:88,2
LF:32
LH:32
end_of_record
SF:lib\src\components\menu\tag_menu.dart
DA:6,1
DA:9,1
DA:13,1
DA:15,1
DA:16,2
DA:19,1
DA:21,1
DA:22,1
DA:23,1
DA:24,1
DA:25,1
DA:26,1
DA:39,1
LF:13
LH:13
end_of_record
SF:lib\src\components\number_field\tag_number_field.dart
DA:6,1
DA:9,1
DA:13,1
DA:14,1
DA:21,1
DA:23,1
DA:25,3
DA:26,5
DA:27,3
DA:28,4
DA:30,5
DA:34,1
DA:36,1
DA:37,1
DA:38,1
DA:39,1
DA:40,1
DA:41,1
DA:42,1
DA:44,1
DA:46,1
DA:47,6
DA:51,1
DA:53,1
DA:54,1
DA:55,1
DA:56,1
DA:57,3
DA:59,2
DA:63,1
DA:65,1
DA:66,1
DA:67,3
DA:81,1
DA:85,1
DA:90,1
DA:92,1
DA:93,1
DA:94,1
DA:96,2
DA:100,1
DA:109,1
DA:115,1
DA:119,1
DA:124,1
DA:126,1
DA:127,1
DA:133,1
DA:134,2
DA:135,1
DA:136,1
DA:137,1
DA:141,1
DA:142,1
DA:143,1
LF:55
LH:55
end_of_record
SF:lib\src\components\page_template\tag_default_page.dart
DA:14,0
DA:24,0
DA:26,0
DA:28,0
DA:29,0
DA:30,0
DA:31,0
DA:32,0
DA:34,0
DA:35,0
DA:37,0
DA:41,0
DA:42,0
DA:43,0
DA:45,0
DA:47,0
DA:50,0
DA:51,0
DA:54,0
DA:55,0
DA:56,0
DA:63,0
DA:69,0
LF:23
LH:0
end_of_record
SF:lib\src\components\rainbow_bar\tag_rainbow_bar.dart
DA:4,26
DA:6,2
DA:8,2
DA:9,2
DA:11,2
DA:12,2
DA:13,2
DA:14,2
DA:19,2
DA:20,2
DA:25,2
DA:26,2
DA:31,2
DA:32,2
LF:14
LH:14
end_of_record
SF:lib\src\components\shared\masks.dart
DA:4,3
DA:6,2
DA:9,0
DA:11,0
DA:12,0
DA:13,0
DA:14,0
DA:18,0
DA:20,0
DA:24,0
DA:26,0
LF:11
LH:2
end_of_record
SF:lib\src\components\scaffold\tag_scaffold.dart
DA:16,0
DA:27,0
DA:29,0
DA:31,0
DA:32,0
DA:33,0
DA:34,0
DA:36,0
DA:37,0
DA:38,0
DA:39,0
DA:40,0
DA:42,0
DA:43,0
DA:44,0
DA:45,0
DA:46,0
DA:47,0
DA:51,0
DA:52,0
DA:53,0
DA:57,0
DA:58,0
DA:59,0
DA:62,0
DA:63,0
DA:64,0
DA:71,0
DA:78,0
DA:82,0
DA:83,0
DA:84,0
DA:85,0
DA:87,0
DA:90,0
DA:92,0
DA:96,0
DA:103,0
DA:109,0
DA:112,0
DA:115,0
DA:118,0
DA:121,0
DA:125,0
DA:126,0
DA:127,0
DA:128,0
DA:136,0
DA:143,0
DA:149,0
DA:152,0
DA:155,0
DA:158,0
DA:161,0
DA:163,0
DA:168,0
LF:56
LH:0
end_of_record
SF:lib\src\components\templates\main_layout_adaptativy.dart
DA:6,0
DA:8,0
DA:15,0
DA:17,0
DA:18,0
DA:19,0
DA:21,0
DA:22,0
DA:23,0
DA:24,0
DA:27,0
DA:28,0
DA:29,0
DA:30,0
DA:31,0
DA:32,0
DA:33,0
LF:17
LH:0
end_of_record
SF:lib\src\components\text_field\tag_text_field.dart
DA:12,1
DA:28,1
DA:45,1
DA:46,1
DA:51,1
DA:52,2
DA:53,6
DA:54,2
DA:55,6
DA:61,1
DA:63,4
DA:64,4
DA:66,1
DA:69,1
DA:71,1
DA:75,1
DA:76,2
DA:77,1
DA:79,1
DA:80,1
DA:82,3
DA:84,1
DA:86,1
DA:87,5
DA:89,2
DA:90,2
DA:91,1
DA:92,2
DA:93,2
DA:94,2
DA:95,2
DA:97,2
DA:98,4
DA:99,1
DA:100,1
DA:101,3
DA:102,2
DA:103,3
DA:111,1
DA:113,2
DA:114,1
DA:119,1
DA:124,1
DA:125,2
DA:126,3
DA:129,1
DA:130,2
DA:131,1
LF:48
LH:48
end_of_record
SF:lib\src\components\shared\tag_input_decoration.dart
DA:10,9
DA:12,3
DA:17,12
DA:22,3
DA:28,6
DA:29,3
DA:33,3
LF:7
LH:7
end_of_record
SF:lib\src\components\templates\layout_left_body_right.dart
DA:6,0
DA:11,0
DA:17,0
DA:19,0
DA:21,0
DA:22,0
DA:23,0
DA:24,0
DA:25,0
DA:33,0
DA:34,0
DA:40,0
DA:42,0
DA:43,0
DA:45,0
DA:46,0
DA:47,0
DA:48,0
DA:49,0
DA:51,0
DA:54,0
LF:21
LH:0
end_of_record
SF:lib\src\components\templates\layout_topbar_and_body.dart
DA:6,0
DA:11,0
DA:17,0
DA:19,0
DA:20,0
DA:22,0
DA:23,0
DA:24,0
LF:8
LH:0
end_of_record
SF:lib\src\responsive_helpers\show_on_desktop.dart
DA:4,2
DA:8,1
DA:10,4
DA:11,1
DA:12,1
LF:5
LH:5
end_of_record
SF:lib\src\responsive_helpers\toggle_mobile_desktop.dart
DA:4,2
DA:8,2
DA:13,2
DA:15,8
DA:16,2
DA:17,2
LF:6
LH:6
end_of_record
SF:lib\src\responsive_helpers\row_to_column.dart
DA:5,1
DA:11,1
DA:18,1
DA:20,2
DA:21,4
DA:23,4
DA:24,1
DA:26,1
DA:27,1
DA:30,1
DA:31,1
DA:33,1
DA:35,1
DA:37,1
DA:38,1
DA:47,1
DA:51,1
DA:56,1
DA:58,1
DA:59,1
DA:60,1
DA:66,1
DA:71,1
DA:77,1
DA:79,1
DA:80,1
DA:81,1
DA:82,1
DA:83,1
DA:84,1
DA:89,1
DA:90,1
LF:32
LH:32
end_of_record
SF:lib\src\styles\button_style\tag_buttons_styles.dart
DA:5,3
DA:19,3
LF:2
LH:2
end_of_record
SF:lib\src\components\templates\layout_left_and_body.dart
DA:6,0
DA:10,0
DA:15,0
DA:17,0
DA:19,0
DA:20,0
DA:21,0
DA:22,0
DA:23,0
DA:24,0
DA:32,0
DA:36,0
DA:41,0
DA:43,0
DA:44,0
DA:46,0
DA:47,0
DA:48,0
DA:50,0
DA:52,0
LF:20
LH:0
end_of_record
